[2021-04-05 22:57:04Z INFO HostContext] No proxy settings were found based on environmental variables (http_proxy/https_proxy/HTTP_PROXY/HTTPS_PROXY)
[2021-04-05 22:57:04Z INFO HostContext] Well known directory 'Bin': 'F:\Git\3 - UniProjects\Thumbtest-RebootRebels\actions-runner\bin'
[2021-04-05 22:57:04Z INFO HostContext] Well known directory 'Root': 'F:\Git\3 - UniProjects\Thumbtest-RebootRebels\actions-runner'
[2021-04-05 22:57:04Z INFO HostContext] Well known config file 'Credentials': 'F:\Git\3 - UniProjects\Thumbtest-RebootRebels\actions-runner\.credentials'
[2021-04-05 22:57:04Z INFO Listener] Runner is built for Windows (X64) - win-x64.
[2021-04-05 22:57:04Z INFO Listener] RuntimeInformation: Microsoft Windows 10.0.19041.
[2021-04-05 22:57:04Z INFO Listener] Version: 2.277.1
[2021-04-05 22:57:04Z INFO Listener] Commit: 183a3dd9a0d4d51feddc5fe9fa6c3b5f8b08343d
[2021-04-05 22:57:04Z INFO Listener] Culture: en-US
[2021-04-05 22:57:04Z INFO Listener] UI Culture: en-US
[2021-04-05 22:57:04Z INFO HostContext] Well known directory 'Bin': 'F:\Git\3 - UniProjects\Thumbtest-RebootRebels\actions-runner\bin'
[2021-04-05 22:57:04Z INFO HostContext] Well known directory 'Root': 'F:\Git\3 - UniProjects\Thumbtest-RebootRebels\actions-runner'
[2021-04-05 22:57:04Z INFO Listener] Validating directory permissions for: 'F:\Git\3 - UniProjects\Thumbtest-RebootRebels\actions-runner'
[2021-04-05 22:57:04Z INFO CommandLineParser] Parse
[2021-04-05 22:57:04Z INFO CommandLineParser] Parsing 5 args
[2021-04-05 22:57:04Z INFO CommandLineParser] parsing argument
[2021-04-05 22:57:04Z INFO CommandLineParser] HasArgs: False
[2021-04-05 22:57:04Z INFO CommandLineParser] Adding Command: configure
[2021-04-05 22:57:04Z INFO CommandLineParser] parsing argument
[2021-04-05 22:57:04Z INFO CommandLineParser] HasArgs: True
[2021-04-05 22:57:04Z INFO CommandLineParser] arg: url
[2021-04-05 22:57:04Z INFO CommandLineParser] parsing argument
[2021-04-05 22:57:04Z INFO CommandLineParser] HasArgs: True
[2021-04-05 22:57:04Z INFO CommandLineParser] Adding option 'url': 'https://github.com/shehanzsaleem/Thumbtest-RebootRebels'
[2021-04-05 22:57:04Z INFO CommandLineParser] parsing argument
[2021-04-05 22:57:04Z INFO CommandLineParser] HasArgs: True
[2021-04-05 22:57:04Z INFO CommandLineParser] arg: token
[2021-04-05 22:57:04Z INFO CommandLineParser] parsing argument
[2021-04-05 22:57:04Z INFO CommandLineParser] HasArgs: True
[2021-04-05 22:57:04Z INFO CommandLineParser] Adding option 'token': '***'
[2021-04-05 22:57:04Z INFO Listener] Arguments parsed
[2021-04-05 22:57:04Z INFO Runner] ExecuteCommand
[2021-04-05 22:57:04Z INFO ConfigurationStore] currentAssemblyLocation: F:\Git\3 - UniProjects\Thumbtest-RebootRebels\actions-runner\bin\Runner.Listener.dll
[2021-04-05 22:57:04Z INFO HostContext] Well known directory 'Bin': 'F:\Git\3 - UniProjects\Thumbtest-RebootRebels\actions-runner\bin'
[2021-04-05 22:57:04Z INFO ConfigurationStore] binPath: F:\Git\3 - UniProjects\Thumbtest-RebootRebels\actions-runner\bin
[2021-04-05 22:57:04Z INFO HostContext] Well known directory 'Bin': 'F:\Git\3 - UniProjects\Thumbtest-RebootRebels\actions-runner\bin'
[2021-04-05 22:57:04Z INFO HostContext] Well known directory 'Root': 'F:\Git\3 - UniProjects\Thumbtest-RebootRebels\actions-runner'
[2021-04-05 22:57:04Z INFO ConfigurationStore] RootFolder: F:\Git\3 - UniProjects\Thumbtest-RebootRebels\actions-runner
[2021-04-05 22:57:04Z INFO HostContext] Well known directory 'Bin': 'F:\Git\3 - UniProjects\Thumbtest-RebootRebels\actions-runner\bin'
[2021-04-05 22:57:04Z INFO HostContext] Well known directory 'Root': 'F:\Git\3 - UniProjects\Thumbtest-RebootRebels\actions-runner'
[2021-04-05 22:57:04Z INFO HostContext] Well known config file 'Runner': 'F:\Git\3 - UniProjects\Thumbtest-RebootRebels\actions-runner\.runner'
[2021-04-05 22:57:04Z INFO ConfigurationStore] ConfigFilePath: F:\Git\3 - UniProjects\Thumbtest-RebootRebels\actions-runner\.runner
[2021-04-05 22:57:04Z INFO HostContext] Well known directory 'Bin': 'F:\Git\3 - UniProjects\Thumbtest-RebootRebels\actions-runner\bin'
[2021-04-05 22:57:04Z INFO HostContext] Well known directory 'Root': 'F:\Git\3 - UniProjects\Thumbtest-RebootRebels\actions-runner'
[2021-04-05 22:57:04Z INFO HostContext] Well known config file 'Credentials': 'F:\Git\3 - UniProjects\Thumbtest-RebootRebels\actions-runner\.credentials'
[2021-04-05 22:57:04Z INFO ConfigurationStore] CredFilePath: F:\Git\3 - UniProjects\Thumbtest-RebootRebels\actions-runner\.credentials
[2021-04-05 22:57:04Z INFO HostContext] Well known directory 'Bin': 'F:\Git\3 - UniProjects\Thumbtest-RebootRebels\actions-runner\bin'
[2021-04-05 22:57:04Z INFO HostContext] Well known directory 'Root': 'F:\Git\3 - UniProjects\Thumbtest-RebootRebels\actions-runner'
[2021-04-05 22:57:04Z INFO HostContext] Well known config file 'MigratedCredentials': 'F:\Git\3 - UniProjects\Thumbtest-RebootRebels\actions-runner\.credentials_migrated'
[2021-04-05 22:57:04Z INFO ConfigurationStore] MigratedCredFilePath: F:\Git\3 - UniProjects\Thumbtest-RebootRebels\actions-runner\.credentials_migrated
[2021-04-05 22:57:04Z INFO HostContext] Well known directory 'Bin': 'F:\Git\3 - UniProjects\Thumbtest-RebootRebels\actions-runner\bin'
[2021-04-05 22:57:04Z INFO HostContext] Well known directory 'Root': 'F:\Git\3 - UniProjects\Thumbtest-RebootRebels\actions-runner'
[2021-04-05 22:57:04Z INFO HostContext] Well known config file 'Service': 'F:\Git\3 - UniProjects\Thumbtest-RebootRebels\actions-runner\.service'
[2021-04-05 22:57:04Z INFO ConfigurationStore] ServiceConfigFilePath: F:\Git\3 - UniProjects\Thumbtest-RebootRebels\actions-runner\.service
[2021-04-05 22:57:04Z INFO CommandSettings] Flag 'help': 'False'
[2021-04-05 22:57:04Z INFO CommandSettings] Flag 'version': 'False'
[2021-04-05 22:57:04Z INFO CommandSettings] Flag 'commit': 'False'
[2021-04-05 22:57:04Z INFO CommandSettings] Flag 'check': 'False'
[2021-04-05 22:57:04Z INFO CommandSettings] Command 'configure': 'True'
[2021-04-05 22:57:04Z INFO Terminal] WRITE LINE: 
[2021-04-05 22:57:04Z INFO Terminal] WRITE LINE: --------------------------------------------------------------------------------
[2021-04-05 22:57:04Z INFO Terminal] WRITE LINE: |        ____ _ _   _   _       _          _        _   _                      |
[2021-04-05 22:57:04Z INFO Terminal] WRITE LINE: |       / ___(_) |_| | | |_   _| |__      / \   ___| |_(_) ___  _ __  ___      |
[2021-04-05 22:57:04Z INFO Terminal] WRITE LINE: |      | |  _| | __| |_| | | | | '_ \    / _ \ / __| __| |/ _ \| '_ \/ __|     |
[2021-04-05 22:57:04Z INFO Terminal] WRITE LINE: |      | |_| | | |_|  _  | |_| | |_) |  / ___ \ (__| |_| | (_) | | | \__ \     |
[2021-04-05 22:57:04Z INFO Terminal] WRITE LINE: |       \____|_|\__|_| |_|\__,_|_.__/  /_/   \_\___|\__|_|\___/|_| |_|___/     |
[2021-04-05 22:57:04Z INFO Terminal] WRITE LINE: |                                                                              |
[2021-04-05 22:57:04Z INFO Terminal] WRITE: |                       
[2021-04-05 22:57:04Z INFO Terminal] WRITE: Self-hosted runner registration
[2021-04-05 22:57:04Z INFO Terminal] WRITE LINE:                         |
[2021-04-05 22:57:04Z INFO Terminal] WRITE LINE: |                                                                              |
[2021-04-05 22:57:04Z INFO Terminal] WRITE LINE: --------------------------------------------------------------------------------
[2021-04-05 22:57:04Z INFO ConfigurationManager] ConfigureAsync
[2021-04-05 22:57:04Z INFO ConfigurationStore] IsConfigured()
[2021-04-05 22:57:04Z INFO ConfigurationStore] IsConfigured: False
[2021-04-05 22:57:04Z INFO ConfigurationManager] Is configured: False
[2021-04-05 22:57:04Z INFO CommandSettings] Arg 'url': 'https://github.com/shehanzsaleem/Thumbtest-RebootRebels'
[2021-04-05 22:57:04Z INFO CommandSettings] Remove url from Arg dictionary.
[2021-04-05 22:57:04Z INFO CommandSettings] Arg 'token': '***'
[2021-04-05 22:57:04Z INFO CommandSettings] Remove token from Arg dictionary.
[2021-04-05 22:57:05Z INFO ConfigurationManager] Http response code: OK from 'POST https://api.github.com/actions/runner-registration'
[2021-04-05 22:57:05Z INFO ConfigurationManager] cred retrieved via GitHub auth
[2021-04-05 22:57:05Z INFO RunnerServer] Establish connection with 100 seconds timeout.
[2021-04-05 22:57:05Z INFO GitHubActionsService] Starting operation Location.GetConnectionData
[2021-04-05 22:57:05Z INFO RunnerServer] Establish connection with 60 seconds timeout.
[2021-04-05 22:57:05Z INFO GitHubActionsService] Starting operation Location.GetConnectionData
[2021-04-05 22:57:05Z INFO RunnerServer] Establish connection with 60 seconds timeout.
[2021-04-05 22:57:05Z INFO GitHubActionsService] Starting operation Location.GetConnectionData
[2021-04-05 22:57:07Z INFO GitHubActionsService] Finished operation Location.GetConnectionData
[2021-04-05 22:57:07Z INFO GitHubActionsService] Finished operation Location.GetConnectionData
[2021-04-05 22:57:07Z INFO GitHubActionsService] Finished operation Location.GetConnectionData
[2021-04-05 22:57:07Z INFO Terminal] WRITE LINE: 
[2021-04-05 22:57:07Z INFO ConfigurationManager] Test Connection complete.
[2021-04-05 22:57:07Z INFO HostContext] Well known directory 'Bin': 'F:\Git\3 - UniProjects\Thumbtest-RebootRebels\actions-runner\bin'
[2021-04-05 22:57:07Z INFO HostContext] Well known directory 'Root': 'F:\Git\3 - UniProjects\Thumbtest-RebootRebels\actions-runner'
[2021-04-05 22:57:07Z INFO HostContext] Well known config file 'RSACredentials': 'F:\Git\3 - UniProjects\Thumbtest-RebootRebels\actions-runner\.credentials_rsaparams'
[2021-04-05 22:57:07Z INFO RSAEncryptedFileKeyManager] Creating new RSA key using 2048-bit key length
[2021-04-05 22:57:07Z INFO RSAEncryptedFileKeyManager] Successfully saved RSA key parameters to file F:\Git\3 - UniProjects\Thumbtest-RebootRebels\actions-runner\.credentials_rsaparams
[2021-04-05 22:57:08Z INFO ConfigurationManager] Found a self-hosted runner group with id {1} and name {2} 1, Default
[2021-04-05 22:57:08Z INFO CommandSettings] Arg 'name': ''
[2021-04-05 22:57:08Z INFO CommandSettings] Flag 'unattended': 'False'
[2021-04-05 22:57:08Z INFO PromptManager] ReadValue
[2021-04-05 22:57:08Z INFO Terminal] WRITE: Enter the name of runner: 
[2021-04-05 22:57:08Z INFO Terminal] WRITE: [press Enter for SHEHANS-RYZEN5-] 
[2021-04-05 22:57:08Z INFO Terminal] READ LINE
[2021-04-05 22:57:12Z INFO Terminal] Read value: ''
[2021-04-05 22:57:12Z INFO PromptManager] Falling back to the default: 'SHEHANS-RYZEN5-'
[2021-04-05 22:57:12Z INFO Terminal] WRITE LINE: 
[2021-04-05 22:57:12Z INFO CommandSettings] Arg 'labels': ''
[2021-04-05 22:57:12Z INFO CommandSettings] Flag 'unattended': 'False'
[2021-04-05 22:57:12Z INFO PromptManager] ReadValue
[2021-04-05 22:57:12Z INFO Terminal] WRITE: This runner will have the following labels: 'self-hosted', 'Windows', 'X64' 
Enter any additional labels (ex. label-1,label-2): 
[2021-04-05 22:57:12Z INFO Terminal] WRITE: [press Enter to skip] 
[2021-04-05 22:57:12Z INFO Terminal] READ LINE
[2021-04-05 22:57:20Z INFO Terminal] Read value: ''
[2021-04-05 22:57:20Z INFO Terminal] WRITE LINE: 
[2021-04-05 22:57:21Z INFO ConfigurationStore] Saving OAuth credential @ F:\Git\3 - UniProjects\Thumbtest-RebootRebels\actions-runner\.credentials
[2021-04-05 22:57:21Z INFO ConfigurationStore] Credentials Saved.
[2021-04-05 22:57:21Z INFO ConfigurationStore] HasCredentials()
[2021-04-05 22:57:21Z INFO ConfigurationStore] stored True
[2021-04-05 22:57:21Z INFO CredentialManager] GetCredentialProvider
[2021-04-05 22:57:21Z INFO CredentialManager] Creating type OAuth
[2021-04-05 22:57:21Z INFO CredentialManager] Creating credential type: OAuth
[2021-04-05 22:57:21Z INFO RSAEncryptedFileKeyManager] Loading RSA key parameters from file F:\Git\3 - UniProjects\Thumbtest-RebootRebels\actions-runner\.credentials_rsaparams
[2021-04-05 22:57:21Z INFO RunnerServer] Establish connection with 100 seconds timeout.
[2021-04-05 22:57:21Z INFO GitHubActionsService] Starting operation Location.GetConnectionData
[2021-04-05 22:57:21Z INFO RunnerServer] Establish connection with 60 seconds timeout.
[2021-04-05 22:57:21Z INFO GitHubActionsService] Starting operation Location.GetConnectionData
[2021-04-05 22:57:21Z INFO RunnerServer] Establish connection with 60 seconds timeout.
[2021-04-05 22:57:21Z INFO GitHubActionsService] Starting operation Location.GetConnectionData
[2021-04-05 22:57:22Z INFO GitHubActionsService] Finished operation Location.GetConnectionData
[2021-04-05 22:57:22Z INFO GitHubActionsService] Finished operation Location.GetConnectionData
[2021-04-05 22:57:22Z INFO GitHubActionsService] Finished operation Location.GetConnectionData
[2021-04-05 22:57:22Z WARN GitHubActionsService] Authentication failed with status code 401.
Transfer-Encoding: chunked
WWW-Authenticate: Bearer
Strict-Transport-Security: max-age=2592000
X-TFS-ProcessId: 0fbbe18c-1766-4ad7-aaa3-71a431d2db57
ActivityId: 9b7d1041-cf37-41f6-ae42-29eda22da26a
X-TFS-Session: bac156cd-a85d-42c7-9cf5-b831f9cbda97
X-VSS-E2EID: 8ce77d0e-72a2-4eba-b4b4-7f5cf61d3d49
X-VSS-SenderDeploymentId: ac98198d-4d34-0364-420d-bafa6e51dce2
X-TFS-ServiceError: The+user+%27System%3aPublicAccess%3baaaaaaaa-aaaa-aaaa-aaaa-aaaaaaaaaaaa%27+is+not+authorized+to+access+this+resource.
X-VSS-S2STargetService: 0000005A-0000-8888-8000-000000000000/visualstudio.com
X-MSEdge-Ref: Ref A: A8686E9C8A21400E952A7BBE3CA8085F Ref B: SGEEDGE0706 Ref C: 2021-04-05T22:57:23Z
Date: Mon, 05 Apr 2021 22:57:23 GMT

[2021-04-05 22:57:22Z INFO RSAEncryptedFileKeyManager] Loading RSA key parameters from file F:\Git\3 - UniProjects\Thumbtest-RebootRebels\actions-runner\.credentials_rsaparams
[2021-04-05 22:57:22Z INFO RSAEncryptedFileKeyManager] Loading RSA key parameters from file F:\Git\3 - UniProjects\Thumbtest-RebootRebels\actions-runner\.credentials_rsaparams
[2021-04-05 22:57:23Z INFO GitHubActionsService] AAD Correlation ID for this token request: Unknown
[2021-04-05 22:57:23Z INFO CommandSettings] Arg 'work': ''
[2021-04-05 22:57:23Z INFO CommandSettings] Flag 'unattended': 'False'
[2021-04-05 22:57:23Z INFO PromptManager] ReadValue
[2021-04-05 22:57:23Z INFO Terminal] WRITE: Enter name of work folder: 
[2021-04-05 22:57:23Z INFO Terminal] WRITE: [press Enter for _work] 
[2021-04-05 22:57:23Z INFO Terminal] READ LINE
[2021-04-05 22:57:30Z INFO Terminal] Read value: ''
[2021-04-05 22:57:30Z INFO PromptManager] Falling back to the default: '_work'
[2021-04-05 22:57:30Z INFO ConfigurationStore] Saving runner settings.
[2021-04-05 22:57:30Z INFO ConfigurationStore] Settings Saved.
[2021-04-05 22:57:30Z INFO Terminal] WRITE LINE: 
[2021-04-05 22:57:30Z INFO Terminal] WRITE LINE: 
[2021-04-05 22:57:30Z INFO CommandSettings] Flag 'runasservice': 'False'
[2021-04-05 22:57:30Z INFO CommandSettings] Flag 'unattended': 'False'
[2021-04-05 22:57:30Z INFO PromptManager] ReadValue
[2021-04-05 22:57:30Z INFO Terminal] WRITE: Would you like to run the runner as service? (Y/N) 
[2021-04-05 22:57:30Z INFO Terminal] WRITE: [press Enter for N] 
[2021-04-05 22:57:30Z INFO Terminal] READ LINE
[2021-04-05 22:57:34Z INFO Terminal] Read value: ''
[2021-04-05 22:57:34Z INFO PromptManager] Falling back to the default: 'N'
[2021-04-05 22:57:34Z INFO Listener] Runner execution has finished with return code 0
