[2021-04-05 22:57:41Z INFO HostContext] No proxy settings were found based on environmental variables (http_proxy/https_proxy/HTTP_PROXY/HTTPS_PROXY)
[2021-04-05 22:57:41Z INFO HostContext] Well known directory 'Bin': 'F:\Git\3 - UniProjects\Thumbtest-RebootRebels\actions-runner\bin'
[2021-04-05 22:57:41Z INFO HostContext] Well known directory 'Root': 'F:\Git\3 - UniProjects\Thumbtest-RebootRebels\actions-runner'
[2021-04-05 22:57:41Z INFO HostContext] Well known config file 'Credentials': 'F:\Git\3 - UniProjects\Thumbtest-RebootRebels\actions-runner\.credentials'
[2021-04-05 22:57:41Z INFO Listener] Runner is built for Windows (X64) - win-x64.
[2021-04-05 22:57:41Z INFO Listener] RuntimeInformation: Microsoft Windows 10.0.19041.
[2021-04-05 22:57:41Z INFO Listener] Version: 2.277.1
[2021-04-05 22:57:41Z INFO Listener] Commit: 183a3dd9a0d4d51feddc5fe9fa6c3b5f8b08343d
[2021-04-05 22:57:41Z INFO Listener] Culture: en-US
[2021-04-05 22:57:41Z INFO Listener] UI Culture: en-US
[2021-04-05 22:57:41Z INFO HostContext] Well known directory 'Bin': 'F:\Git\3 - UniProjects\Thumbtest-RebootRebels\actions-runner\bin'
[2021-04-05 22:57:41Z INFO HostContext] Well known directory 'Root': 'F:\Git\3 - UniProjects\Thumbtest-RebootRebels\actions-runner'
[2021-04-05 22:57:41Z INFO Listener] Validating directory permissions for: 'F:\Git\3 - UniProjects\Thumbtest-RebootRebels\actions-runner'
[2021-04-05 22:57:41Z INFO CommandLineParser] Parse
[2021-04-05 22:57:41Z INFO CommandLineParser] Parsing 1 args
[2021-04-05 22:57:41Z INFO CommandLineParser] parsing argument
[2021-04-05 22:57:41Z INFO CommandLineParser] HasArgs: False
[2021-04-05 22:57:41Z INFO CommandLineParser] Adding Command: run
[2021-04-05 22:57:41Z INFO Listener] Arguments parsed
[2021-04-05 22:57:41Z INFO Runner] ExecuteCommand
[2021-04-05 22:57:41Z INFO ConfigurationStore] currentAssemblyLocation: F:\Git\3 - UniProjects\Thumbtest-RebootRebels\actions-runner\bin\Runner.Listener.dll
[2021-04-05 22:57:41Z INFO HostContext] Well known directory 'Bin': 'F:\Git\3 - UniProjects\Thumbtest-RebootRebels\actions-runner\bin'
[2021-04-05 22:57:41Z INFO ConfigurationStore] binPath: F:\Git\3 - UniProjects\Thumbtest-RebootRebels\actions-runner\bin
[2021-04-05 22:57:41Z INFO HostContext] Well known directory 'Bin': 'F:\Git\3 - UniProjects\Thumbtest-RebootRebels\actions-runner\bin'
[2021-04-05 22:57:41Z INFO HostContext] Well known directory 'Root': 'F:\Git\3 - UniProjects\Thumbtest-RebootRebels\actions-runner'
[2021-04-05 22:57:41Z INFO ConfigurationStore] RootFolder: F:\Git\3 - UniProjects\Thumbtest-RebootRebels\actions-runner
[2021-04-05 22:57:41Z INFO HostContext] Well known directory 'Bin': 'F:\Git\3 - UniProjects\Thumbtest-RebootRebels\actions-runner\bin'
[2021-04-05 22:57:41Z INFO HostContext] Well known directory 'Root': 'F:\Git\3 - UniProjects\Thumbtest-RebootRebels\actions-runner'
[2021-04-05 22:57:41Z INFO HostContext] Well known config file 'Runner': 'F:\Git\3 - UniProjects\Thumbtest-RebootRebels\actions-runner\.runner'
[2021-04-05 22:57:41Z INFO ConfigurationStore] ConfigFilePath: F:\Git\3 - UniProjects\Thumbtest-RebootRebels\actions-runner\.runner
[2021-04-05 22:57:41Z INFO HostContext] Well known directory 'Bin': 'F:\Git\3 - UniProjects\Thumbtest-RebootRebels\actions-runner\bin'
[2021-04-05 22:57:41Z INFO HostContext] Well known directory 'Root': 'F:\Git\3 - UniProjects\Thumbtest-RebootRebels\actions-runner'
[2021-04-05 22:57:41Z INFO HostContext] Well known config file 'Credentials': 'F:\Git\3 - UniProjects\Thumbtest-RebootRebels\actions-runner\.credentials'
[2021-04-05 22:57:41Z INFO ConfigurationStore] CredFilePath: F:\Git\3 - UniProjects\Thumbtest-RebootRebels\actions-runner\.credentials
[2021-04-05 22:57:41Z INFO HostContext] Well known directory 'Bin': 'F:\Git\3 - UniProjects\Thumbtest-RebootRebels\actions-runner\bin'
[2021-04-05 22:57:41Z INFO HostContext] Well known directory 'Root': 'F:\Git\3 - UniProjects\Thumbtest-RebootRebels\actions-runner'
[2021-04-05 22:57:41Z INFO HostContext] Well known config file 'MigratedCredentials': 'F:\Git\3 - UniProjects\Thumbtest-RebootRebels\actions-runner\.credentials_migrated'
[2021-04-05 22:57:41Z INFO ConfigurationStore] MigratedCredFilePath: F:\Git\3 - UniProjects\Thumbtest-RebootRebels\actions-runner\.credentials_migrated
[2021-04-05 22:57:41Z INFO HostContext] Well known directory 'Bin': 'F:\Git\3 - UniProjects\Thumbtest-RebootRebels\actions-runner\bin'
[2021-04-05 22:57:41Z INFO HostContext] Well known directory 'Root': 'F:\Git\3 - UniProjects\Thumbtest-RebootRebels\actions-runner'
[2021-04-05 22:57:41Z INFO HostContext] Well known config file 'Service': 'F:\Git\3 - UniProjects\Thumbtest-RebootRebels\actions-runner\.service'
[2021-04-05 22:57:41Z INFO ConfigurationStore] ServiceConfigFilePath: F:\Git\3 - UniProjects\Thumbtest-RebootRebels\actions-runner\.service
[2021-04-05 22:57:41Z INFO CommandSettings] Flag 'help': 'False'
[2021-04-05 22:57:41Z INFO CommandSettings] Flag 'version': 'False'
[2021-04-05 22:57:41Z INFO CommandSettings] Flag 'commit': 'False'
[2021-04-05 22:57:41Z INFO CommandSettings] Flag 'check': 'False'
[2021-04-05 22:57:41Z INFO CommandSettings] Command 'configure': 'False'
[2021-04-05 22:57:41Z INFO CommandSettings] Command 'remove': 'False'
[2021-04-05 22:57:41Z INFO CommandSettings] Command 'warmup': 'False'
[2021-04-05 22:57:41Z INFO ConfigurationManager] LoadSettings
[2021-04-05 22:57:41Z INFO ConfigurationStore] IsConfigured()
[2021-04-05 22:57:41Z INFO ConfigurationStore] IsConfigured: True
[2021-04-05 22:57:41Z INFO ConfigurationManager] Is configured: True
[2021-04-05 22:57:41Z INFO ConfigurationStore] Read setting file: 317 chars
[2021-04-05 22:57:41Z INFO ConfigurationManager] Settings Loaded
[2021-04-05 22:57:41Z INFO ConfigurationStore] IsServiceConfigured()
[2021-04-05 22:57:41Z INFO ConfigurationStore] IsServiceConfigured: False
[2021-04-05 22:57:41Z INFO CommandSettings] Command 'run': 'True'
[2021-04-05 22:57:41Z INFO ConfigurationStore] IsConfigured()
[2021-04-05 22:57:41Z INFO ConfigurationStore] IsConfigured: True
[2021-04-05 22:57:41Z INFO ConfigurationManager] Is configured: True
[2021-04-05 22:57:41Z INFO Runner] Could not parse the argument value '' for StartupType. Defaulting to Manual
[2021-04-05 22:57:41Z INFO Runner] Set runner startup type - Manual
[2021-04-05 22:57:41Z INFO CommandSettings] Flag 'once': 'False'
[2021-04-05 22:57:41Z INFO Runner] RunAsync
[2021-04-05 22:57:41Z INFO ConfigurationManager] LoadSettings
[2021-04-05 22:57:41Z INFO ConfigurationStore] IsConfigured()
[2021-04-05 22:57:41Z INFO ConfigurationStore] IsConfigured: True
[2021-04-05 22:57:41Z INFO ConfigurationManager] Is configured: True
[2021-04-05 22:57:41Z INFO ConfigurationManager] Settings Loaded
[2021-04-05 22:57:41Z INFO MessageListener] {
  "AgentId": 21,
  "AgentName": "SHEHANS-RYZEN5-",
  "PoolId": 1,
  "PoolName": "Default",
  "ServerUrl": "https://pipelines.actions.githubusercontent.com/HCSX9TJrzON3pGO7tpt7tT054OMlnjyB4OrdaLOK4zejEzLd1m",
  "GitHubUrl": "https://github.com/shehanzsaleem/Thumbtest-RebootRebels",
  "WorkFolder": "_work"
}
[2021-04-05 22:57:41Z INFO MessageListener] Loading Credentials
[2021-04-05 22:57:41Z INFO ConfigurationStore] HasCredentials()
[2021-04-05 22:57:41Z INFO ConfigurationStore] stored True
[2021-04-05 22:57:41Z INFO CredentialManager] GetCredentialProvider
[2021-04-05 22:57:41Z INFO CredentialManager] Creating type OAuth
[2021-04-05 22:57:41Z INFO CredentialManager] Creating credential type: OAuth
[2021-04-05 22:57:41Z INFO HostContext] Well known directory 'Bin': 'F:\Git\3 - UniProjects\Thumbtest-RebootRebels\actions-runner\bin'
[2021-04-05 22:57:41Z INFO HostContext] Well known directory 'Root': 'F:\Git\3 - UniProjects\Thumbtest-RebootRebels\actions-runner'
[2021-04-05 22:57:41Z INFO HostContext] Well known config file 'RSACredentials': 'F:\Git\3 - UniProjects\Thumbtest-RebootRebels\actions-runner\.credentials_rsaparams'
[2021-04-05 22:57:41Z INFO RSAEncryptedFileKeyManager] Loading RSA key parameters from file F:\Git\3 - UniProjects\Thumbtest-RebootRebels\actions-runner\.credentials_rsaparams
[2021-04-05 22:57:41Z INFO MessageListener] Attempt to create session.
[2021-04-05 22:57:41Z INFO MessageListener] Connecting to the Runner Server...
[2021-04-05 22:57:41Z INFO RunnerServer] Establish connection with 100 seconds timeout.
[2021-04-05 22:57:41Z INFO GitHubActionsService] Starting operation Location.GetConnectionData
[2021-04-05 22:57:41Z INFO RunnerServer] Establish connection with 60 seconds timeout.
[2021-04-05 22:57:41Z INFO GitHubActionsService] Starting operation Location.GetConnectionData
[2021-04-05 22:57:41Z INFO RunnerServer] Establish connection with 60 seconds timeout.
[2021-04-05 22:57:41Z INFO GitHubActionsService] Starting operation Location.GetConnectionData
[2021-04-05 22:57:42Z INFO GitHubActionsService] Finished operation Location.GetConnectionData
[2021-04-05 22:57:42Z INFO GitHubActionsService] Finished operation Location.GetConnectionData
[2021-04-05 22:57:42Z INFO GitHubActionsService] Finished operation Location.GetConnectionData
[2021-04-05 22:57:43Z INFO MessageListener] VssConnection created
[2021-04-05 22:57:43Z INFO Terminal] WRITE LINE: 
[2021-04-05 22:57:43Z INFO Terminal] WRITE LINE: 
[2021-04-05 22:57:43Z WARN GitHubActionsService] Authentication failed with status code 401.
WWW-Authenticate: Bearer
Strict-Transport-Security: max-age=2592000
X-TFS-ProcessId: 511b4867-6f33-4ba4-80a7-12abe7be7847
ActivityId: f86123f4-6bc6-487d-af12-f6e9f4f4898b
X-TFS-Session: d344561e-024a-446a-af1c-26b80021dcb6
X-VSS-E2EID: 2822b84e-f08f-47af-882a-3b8edfc0c045
X-VSS-SenderDeploymentId: ac98198d-4d34-0364-420d-bafa6e51dce2
X-TFS-ServiceError: The+user+%27System%3aPublicAccess%3baaaaaaaa-aaaa-aaaa-aaaa-aaaaaaaaaaaa%27+is+not+authorized+to+access+this+resource.
X-VSS-S2STargetService: 0000005A-0000-8888-8000-000000000000/visualstudio.com
X-MSEdge-Ref: Ref A: 5BA4BA2953F645DFA3A857E686C00AE6 Ref B: SGEEDGE0415 Ref C: 2021-04-05T22:57:44Z
Date: Mon, 05 Apr 2021 22:57:44 GMT

[2021-04-05 22:57:43Z INFO RSAEncryptedFileKeyManager] Loading RSA key parameters from file F:\Git\3 - UniProjects\Thumbtest-RebootRebels\actions-runner\.credentials_rsaparams
[2021-04-05 22:57:43Z INFO RSAEncryptedFileKeyManager] Loading RSA key parameters from file F:\Git\3 - UniProjects\Thumbtest-RebootRebels\actions-runner\.credentials_rsaparams
[2021-04-05 22:57:44Z INFO GitHubActionsService] AAD Correlation ID for this token request: Unknown
[2021-04-05 22:57:44Z INFO MessageListener] Session created.
[2021-04-05 22:57:44Z INFO Terminal] WRITE LINE: 2021-04-05 22:57:44Z: Listening for Jobs
[2021-04-05 22:57:44Z INFO JobDispatcher] Set runner/worker IPC timeout to 30 seconds.
